Log file open, 11/16/17 23:06:44
LogWindows: Failed to load 'aqProf.dll' (GetLastError=126)
LogWindows: File 'aqProf.dll' does not exist
LogWindows: Failed to load 'VSPerf140.dll' (GetLastError=126)
LogWindows: File 'VSPerf140.dll' does not exist
LogWindows: Failed to load 'VtuneApi.dll' (GetLastError=126)
LogWindows: File 'VtuneApi.dll' does not exist
LogWindows: Failed to load 'VtuneApi32e.dll' (GetLastError=126)
LogWindows: File 'VtuneApi32e.dll' does not exist
LogInit: Display: Running engine for game: SidescrollJump
LogPlatformFile: Not using cached read wrapper
LogInit: Display: RandInit(-346251719) SRandInit(-346251719).
LogInit: Read version file with build ID '3709383'
LogInit: Overriding engine version to CL 3754814, compatible CL 3709383
LogInit: Registered custom module enumerator with build ID '3709383'
LogTaskGraph: Started task graph with 5 named threads and 14 total threads with 3 sets of task threads.
LogStats: Stats thread started at 4.625127
LogD3D11RHI: Aftermath initialized
LogModuleManager: Display: Found up-to-date module file ../../../Engine/Plugins/2D/Paper2D/Binaries/Win64/UE4Editor-Paper2D.dll (API version 3709383).
LogModuleManager: Display: Found up-to-date module file ../../../Engine/Plugins/2D/Paper2D/Binaries/Win64/UE4Editor-Paper2DEditor.dll (API version 3709383).
LogModuleManager: Display: Found up-to-date module file ../../../Engine/Plugins/2D/Paper2D/Binaries/Win64/UE4Editor-PaperSpriteSheetImporter.dll (API version 3709383).
LogModuleManager: Display: Found up-to-date module file ../../../Engine/Plugins/2D/Paper2D/Binaries/Win64/UE4Editor-PaperTiledImporter.dll (API version 3709383).
LogModuleManager: Display: Found up-to-date module file ../../../Engine/Plugins/2D/Paper2D/Binaries/Win64/UE4Editor-SmartSnapping.dll (API version 3709383).
LogModuleManager: Display: Found up-to-date module file ../../../Engine/Plugins/Blendables/LightPropagationVolume/Binaries/Win64/UE4Editor-LightPropagationVolumeRuntime.dll (API version 3709383).
LogModuleManager: Display: Found up-to-date module file ../../../Engine/Plugins/Blendables/LightPropagationVolume/Binaries/Win64/UE4Editor-LightPropagationVolumeEditor.dll (API version 3709383).
LogModuleManager: Display: Found up-to-date module file ../../../Engine/Plugins/Developer/GitSourceControl/Binaries/Win64/UE4Editor-GitSourceControl.dll (API version 3709383).
LogModuleManager: Display: Found up-to-date module file ../../../Engine/Plugins/Developer/PerforceSourceControl/Binaries/Win64/UE4Editor-PerforceSourceControl.dll (API version 3709383).
LogModuleManager: Display: Found up-to-date module file ../../../Engine/Plugins/Developer/SubversionSourceControl/Binaries/Win64/UE4Editor-SubversionSourceControl.dll (API version 3709383).
LogModuleManager: Display: Found up-to-date module file ../../../Engine/Plugins/Developer/UObjectPlugin/Binaries/Win64/UE4Editor-UObjectPlugin.dll (API version 3709383).
LogModuleManager: Display: Found up-to-date module file ../../../Engine/Plugins/Developer/VisualStudioCodeSourceCodeAccess/Binaries/Win64/UE4Editor-VisualStudioCodeSourceCodeAccess.dll (API version 3709383).
LogModuleManager: Display: Found up-to-date module file ../../../Engine/Plugins/Developer/VisualStudioSourceCodeAccess/Binaries/Win64/UE4Editor-VisualStudioSourceCodeAccess.dll (API version 3709383).
LogModuleManager: Display: Found up-to-date module file ../../../Engine/Plugins/Editor/AssetManagerEditor/Binaries/Win64/UE4Editor-AssetManagerEditor.dll (API version 3709383).
LogModuleManager: Display: Found up-to-date module file ../../../Engine/Plugins/Editor/AudioCapture/Binaries/Win64/UE4Editor-AudioCapture.dll (API version 3709383).
LogModuleManager: Display: Found up-to-date module file ../../../Engine/Plugins/Editor/FacialAnimation/Binaries/Win64/UE4Editor-FacialAnimation.dll (API version 3709383).
LogModuleManager: Display: Found up-to-date module file ../../../Engine/Plugins/Editor/FacialAnimation/Binaries/Win64/UE4Editor-FacialAnimationEditor.dll (API version 3709383).
LogModuleManager: Display: Found up-to-date module file ../../../Engine/Plugins/Editor/GameplayTagsEditor/Binaries/Win64/UE4Editor-GameplayTagsEditor.dll (API version 3709383).
LogModuleManager: Display: Found up-to-date module file ../../../Engine/Plugins/Editor/MobileLauncherProfileWizard/Binaries/Win64/UE4Editor-MobileLauncherProfileWizard.dll (API version 3709383).
LogModuleManager: Display: Found up-to-date module file ../../../Engine/Plugins/Editor/PluginBrowser/Binaries/Win64/UE4Editor-PluginBrowser.dll (API version 3709383).
LogModuleManager: Display: Found up-to-date module file ../../../Engine/Plugins/Editor/SpeedTreeImporter/Binaries/Win64/UE4Editor-SpeedTreeImporter.dll (API version 3709383).
LogModuleManager: Display: Found up-to-date module file ../../../Engine/Plugins/Experimental/AlembicImporter/Binaries/Win64/UE4Editor-AlembicImporter.dll (API version 3709383).
LogModuleManager: Display: Found up-to-date module file ../../../Engine/Plugins/Experimental/AlembicImporter/Binaries/Win64/UE4Editor-AlembicLibrary.dll (API version 3709383).
LogModuleManager: Display: Found up-to-date module file ../../../Engine/Plugins/Experimental/CharacterAI/Binaries/Win64/UE4Editor-CharacterAI.dll (API version 3709383).
LogModuleManager: Display: Found up-to-date module file ../../../Engine/Plugins/Experimental/HTML5Networking/Binaries/Win64/UE4Editor-HTML5Networking.dll (API version 3709383).
LogModuleManager: Display: Found up-to-date module file ../../../Engine/Plugins/Media/AndroidMedia/Binaries/Win64/UE4Editor-AndroidMediaEditor.dll (API version 3709383).
LogModuleManager: Display: Found up-to-date module file ../../../Engine/Plugins/Media/AndroidMedia/Binaries/Win64/UE4Editor-AndroidMediaFactory.dll (API version 3709383).
LogModuleManager: Display: Found up-to-date module file ../../../Engine/Plugins/Media/AvfMedia/Binaries/Win64/UE4Editor-AvfMediaEditor.dll (API version 3709383).
LogModuleManager: Display: Found up-to-date module file ../../../Engine/Plugins/Media/AvfMedia/Binaries/Win64/UE4Editor-AvfMediaFactory.dll (API version 3709383).
LogModuleManager: Display: Found up-to-date module file ../../../Engine/Plugins/Media/AvfMedia/Binaries/Win64/UE4Editor-AvfMediaFactory.dll (API version 3709383).
LogModuleManager: Display: Found up-to-date module file ../../../Engine/Plugins/Media/ImgMedia/Binaries/Win64/UE4Editor-ImgMedia.dll (API version 3709383).
LogModuleManager: Display: Found up-to-date module file ../../../Engine/Plugins/Media/ImgMedia/Binaries/Win64/UE4Editor-ImgMediaEditor.dll (API version 3709383).
LogModuleManager: Display: Found up-to-date module file ../../../Engine/Plugins/Media/ImgMedia/Binaries/Win64/UE4Editor-ImgMediaFactory.dll (API version 3709383).
LogModuleManager: Display: Found up-to-date module file ../../../Engine/Plugins/Media/ImgMedia/Binaries/Win64/UE4Editor-ImgMediaFactory.dll (API version 3709383).
LogModuleManager: Display: Found up-to-date module file ../../../Engine/Plugins/Media/ImgMedia/Binaries/Win64/UE4Editor-OpenExrWrapper.dll (API version 3709383).
LogModuleManager: Display: Found up-to-date module file ../../../Engine/Plugins/Media/MediaCompositing/Binaries/Win64/UE4Editor-MediaCompositing.dll (API version 3709383).
LogModuleManager: Display: Found up-to-date module file ../../../Engine/Plugins/Media/MediaCompositing/Binaries/Win64/UE4Editor-MediaCompositingEditor.dll (API version 3709383).
LogModuleManager: Display: Found up-to-date module file ../../../Engine/Plugins/Media/MediaPlayerEditor/Binaries/Win64/UE4Editor-MediaPlayerEditor.dll (API version 3709383).
LogModuleManager: Display: Found up-to-date module file ../../../Engine/Plugins/Media/WmfMedia/Binaries/Win64/UE4Editor-WmfMedia.dll (API version 3709383).
LogModuleManager: Display: Found up-to-date module file ../../../Engine/Plugins/Media/WmfMedia/Binaries/Win64/UE4Editor-WmfMediaEditor.dll (API version 3709383).
LogModuleManager: Display: Found up-to-date module file ../../../Engine/Plugins/Media/WmfMedia/Binaries/Win64/UE4Editor-WmfMediaFactory.dll (API version 3709383).
LogModuleManager: Display: Found up-to-date module file ../../../Engine/Plugins/Media/WmfMedia/Binaries/Win64/UE4Editor-WmfMediaFactory.dll (API version 3709383).
LogModuleManager: Display: Found up-to-date module file ../../../Engine/Plugins/Messaging/TcpMessaging/Binaries/Win64/UE4Editor-TcpMessaging.dll (API version 3709383).
LogModuleManager: Display: Found up-to-date module file ../../../Engine/Plugins/Messaging/UdpMessaging/Binaries/Win64/UE4Editor-UdpMessaging.dll (API version 3709383).
LogModuleManager: Display: Found up-to-date module file ../../../Engine/Plugins/MovieScene/ActorSequence/Binaries/Win64/UE4Editor-ActorSequence.dll (API version 3709383).
LogModuleManager: Display: Found up-to-date module file ../../../Engine/Plugins/MovieScene/LevelSequenceEditor/Binaries/Win64/UE4Editor-LevelSequenceEditor.dll (API version 3709383).
LogModuleManager: Display: Found up-to-date module file ../../../Engine/Plugins/MovieScene/MatineeToLevelSequence/Binaries/Win64/UE4Editor-MatineeToLevelSequence.dll (API version 3709383).
LogModuleManager: Display: Found up-to-date module file ../../../Engine/Plugins/Online/OnlineSubsystem/Binaries/Win64/UE4Editor-OnlineSubsystem.dll (API version 3709383).
LogModuleManager: Display: Found up-to-date module file ../../../Engine/Plugins/Runtime/AndroidPermission/Binaries/Win64/UE4Editor-AndroidPermission.dll (API version 3709383).
LogModuleManager: Display: Found up-to-date module file ../../../Engine/Plugins/Online/OnlineSubsystemNull/Binaries/Win64/UE4Editor-OnlineSubsystemNull.dll (API version 3709383).
LogModuleManager: Display: Found up-to-date module file ../../../Engine/Plugins/Online/OnlineSubsystemUtils/Binaries/Win64/UE4Editor-OnlineSubsystemUtils.dll (API version 3709383).
LogModuleManager: Display: Found up-to-date module file ../../../Engine/Plugins/Online/OnlineSubsystemUtils/Binaries/Win64/UE4Editor-OnlineBlueprintSupport.dll (API version 3709383).
LogModuleManager: Display: Found up-to-date module file ../../../Engine/Plugins/Runtime/AndroidDeviceProfileSelector/Binaries/Win64/UE4Editor-AndroidDeviceProfileSelector.dll (API version 3709383).
LogModuleManager: Display: Found up-to-date module file ../../../Engine/Plugins/Runtime/AppleARKit/Binaries/Win64/UE4Editor-AppleARKit.dll (API version 3709383).
LogModuleManager: Display: Found up-to-date module file ../../../Engine/Plugins/Runtime/ArchVisCharacter/Binaries/Win64/UE4Editor-ArchVisCharacter.dll (API version 3709383).
LogModuleManager: Display: Found up-to-date module file ../../../Engine/Plugins/Runtime/CableComponent/Binaries/Win64/UE4Editor-CableComponent.dll (API version 3709383).
LogModuleManager: Display: Found up-to-date module file ../../../Engine/Plugins/Runtime/CustomMeshComponent/Binaries/Win64/UE4Editor-CustomMeshComponent.dll (API version 3709383).
LogModuleManager: Display: Found up-to-date module file ../../../Engine/Plugins/Runtime/ExampleDeviceProfileSelector/Binaries/Win64/UE4Editor-ExampleDeviceProfileSelector.dll (API version 3709383).
LogModuleManager: Display: Found up-to-date module file ../../../Engine/Plugins/Runtime/ImmediatePhysics/Binaries/Win64/UE4Editor-ImmediatePhysics.dll (API version 3709383).
LogModuleManager: Display: Found up-to-date module file ../../../Engine/Plugins/Runtime/ImmediatePhysics/Binaries/Win64/UE4Editor-ImmediatePhysicsEditor.dll (API version 3709383).
LogModuleManager: Display: Found up-to-date module file ../../../Engine/Plugins/Runtime/LocationServicesBPLibrary/Binaries/Win64/UE4Editor-LocationServicesBPLibrary.dll (API version 3709383).
LogModuleManager: Display: Found up-to-date module file ../../../Engine/Plugins/Runtime/MobilePatchingUtils/Binaries/Win64/UE4Editor-MobilePatchingUtils.dll (API version 3709383).
LogModuleManager: Display: Found up-to-date module file ../../../Engine/Plugins/Runtime/Oculus/OculusVR/Binaries/Win64/UE4Editor-OculusHMD.dll (API version 3709383).
LogModuleManager: Display: Found up-to-date module file ../../../Engine/Plugins/Runtime/Oculus/OculusVR/Binaries/Win64/UE4Editor-OculusInput.dll (API version 3709383).
LogModuleManager: Display: Found up-to-date module file ../../../Engine/Plugins/Runtime/Oculus/OculusVR/Binaries/Win64/UE4Editor-OculusEditor.dll (API version 3709383).
LogModuleManager: Display: Found up-to-date module file ../../../Engine/Plugins/Runtime/PhysXVehicles/Binaries/Win64/UE4Editor-PhysXVehicles.dll (API version 3709383).
LogModuleManager: Display: Found up-to-date module file ../../../Engine/Plugins/Runtime/PhysXVehicles/Binaries/Win64/UE4Editor-PhysXVehiclesEditor.dll (API version 3709383).
LogModuleManager: Display: Found up-to-date module file ../../../Engine/Plugins/Runtime/ProceduralMeshComponent/Binaries/Win64/UE4Editor-ProceduralMeshComponent.dll (API version 3709383).
LogModuleManager: Display: Found up-to-date module file ../../../Engine/Plugins/Runtime/ProceduralMeshComponent/Binaries/Win64/UE4Editor-ProceduralMeshComponentEditor.dll (API version 3709383).
LogModuleManager: Display: Found up-to-date module file ../../../Engine/Plugins/Runtime/RuntimePhysXCooking/Binaries/Win64/UE4Editor-RuntimePhysXCooking.dll (API version 3709383).
LogModuleManager: Display: Found up-to-date module file ../../../Engine/Plugins/Runtime/Steam/SteamVR/Binaries/Win64/UE4Editor-SteamVR.dll (API version 3709383).
LogModuleManager: Display: Found up-to-date module file ../../../Engine/Plugins/Runtime/Steam/SteamVR/Binaries/Win64/UE4Editor-SteamVRController.dll (API version 3709383).
LogModuleManager: Display: Found up-to-date module file ../../../Engine/Plugins/Runtime/WindowsMoviePlayer/Binaries/Win64/UE4Editor-WindowsMoviePlayer.dll (API version 3709383).
LogPluginManager: Mounting plugin Paper2D
LogPluginManager: Mounting plugin LightPropagationVolume
LogPluginManager: Mounting plugin CodeLiteSourceCodeAccess
LogPluginManager: Mounting plugin GitSourceControl
LogPluginManager: Mounting plugin KDevelopSourceCodeAccess
LogPluginManager: Mounting plugin NullSourceCodeAccess
LogPluginManager: Mounting plugin PerforceSourceControl
LogPluginManager: Mounting plugin SubversionSourceControl
LogPluginManager: Mounting plugin UObjectPlugin
LogPluginManager: Mounting plugin VisualStudioCodeSourceCodeAccess
LogPluginManager: Mounting plugin VisualStudioSourceCodeAccess
LogPluginManager: Mounting plugin XCodeSourceCodeAccess
LogPluginManager: Mounting plugin AssetManagerEditor
LogPluginManager: Mounting plugin AudioCapture
LogPluginManager: Mounting plugin FacialAnimation
LogPluginManager: Mounting plugin GameplayTagsEditor
LogPluginManager: Mounting plugin MobileLauncherProfileWizard
LogPluginManager: Mounting plugin PluginBrowser
LogPluginManager: Mounting plugin SpeedTreeImporter
LogPluginManager: Mounting plugin AlembicImporter
LogPluginManager: Mounting plugin CharacterAI
LogPluginManager: Mounting plugin HTML5Networking
LogPluginManager: Mounting plugin AndroidMedia
LogPluginManager: Mounting plugin AvfMedia
LogPluginManager: Mounting plugin ImgMedia
LogPluginManager: Mounting plugin MediaCompositing
LogPluginManager: Mounting plugin MediaPlayerEditor
LogPluginManager: Mounting plugin WmfMedia
LogPluginManager: Mounting plugin TcpMessaging
LogPluginManager: Mounting plugin UdpMessaging
LogPluginManager: Mounting plugin ActorSequence
LogPluginManager: Mounting plugin LevelSequenceEditor
LogPluginManager: Mounting plugin MatineeToLevelSequence
LogPluginManager: Mounting plugin OnlineSubsystemGooglePlay
LogPluginManager: Mounting plugin OnlineSubsystemIOS
LogPluginManager: Mounting plugin OnlineSubsystem
LogPluginManager: Mounting plugin OnlineSubsystemNull
LogPluginManager: Mounting plugin OnlineSubsystemUtils
LogPluginManager: Mounting plugin AndroidDeviceProfileSelector
LogPluginManager: Mounting plugin AndroidMoviePlayer
LogPluginManager: Mounting plugin AndroidPermission
LogPluginManager: Mounting plugin AppleARKit
LogPluginManager: Mounting plugin AppleMoviePlayer
LogPluginManager: Mounting plugin ArchVisCharacter
LogPluginManager: Mounting plugin CableComponent
LogPluginManager: Mounting plugin CustomMeshComponent
LogPluginManager: Mounting plugin ExampleDeviceProfileSelector
LogPluginManager: Mounting plugin GoogleCloudMessaging
LogPluginManager: Mounting plugin ImmediatePhysics
LogPluginManager: Mounting plugin IOSDeviceProfileSelector
LogPluginManager: Mounting plugin LinuxDeviceProfileSelector
LogPluginManager: Mounting plugin LocationServicesBPLibrary
LogPluginManager: Mounting plugin MobilePatchingUtils
LogPluginManager: Mounting plugin OculusVR
LogPluginManager: Plugin shader directory ../../../Engine/Plugins/Runtime/Oculus/OculusVR/Shaders found
LogPluginManager: Mapping shader source directory ../../../Engine/Plugins/Runtime/Oculus/OculusVR/Shaders to virtual directory /Plugin/OculusVR
LogPluginManager: Mounting plugin PhysXVehicles
LogPluginManager: Mounting plugin ProceduralMeshComponent
LogPluginManager: Mounting plugin RuntimePhysXCooking
LogPluginManager: Mounting plugin SteamVR
LogPluginManager: Mounting plugin WindowsMoviePlayer
LogInit: Using libcurl 7.47.1
LogInit:  - built for x86_64-pc-win32
LogInit:  - supports SSL with OpenSSL/1.0.2g
LogInit:  - supports HTTP deflate (compression) using libz 1.2.8
LogInit:  - other features:
LogInit:      CURL_VERSION_SSL
LogInit:      CURL_VERSION_LIBZ
LogInit:      CURL_VERSION_IPV6
LogInit:      CURL_VERSION_ASYNCHDNS
LogInit:      CURL_VERSION_LARGEFILE
LogInit:      CURL_VERSION_IDN
LogInit:  CurlRequestOptions (configurable via config and command line):
LogInit:  - bVerifyPeer = false  - Libcurl will NOT verify peer certificate
LogInit:  - bUseHttpProxy = false  - Libcurl will NOT use HTTP proxy
LogInit:  - bDontReuseConnections = false  - Libcurl will reuse connections
LogInit:  - CertBundlePath = nullptr  - Libcurl will use whatever was configured at build time.
LogInit: Build: ++UE4+Release-4.18-CL-3754814
LogInit: Engine Version: 4.18.1-3754814+++UE4+Release-4.18
LogInit: Compatible Engine Version: 4.18.0-3709383+++UE4+Release-4.18
LogInit: Net CL: 3709383
LogDevObjectVersion: Number of dev versions registered: 16
LogDevObjectVersion:   Dev-Blueprints (B0D832E4-1F89-4F0D-ACCF-7EB736FD4AA2): 10
LogDevObjectVersion:   Dev-Build (E1C64328-A22C-4D53-A36C-8E866417BD8C): 0
LogDevObjectVersion:   Dev-Core (375EC13C-06E4-48FB-B500-84F0262A717E): 2
LogDevObjectVersion:   Dev-Editor (E4B068ED-F494-42E9-A231-DA0B2E46BB41): 20
LogDevObjectVersion:   Dev-Framework (CFFC743F-43B0-4480-9391-14DF171D2073): 30
LogDevObjectVersion:   Dev-Mobile (B02B49B5-BB20-44E9-A304-32B752E40360): 0
LogDevObjectVersion:   Dev-Networking (A4E4105C-59A1-49B5-A7C5-40C4547EDFEE): 0
LogDevObjectVersion:   Dev-Online (39C831C9-5AE6-47DC-9A44-9C173E1C8E7C): 0
LogDevObjectVersion:   Dev-Physics (78F01B33-EBEA-4F98-B9B4-84EACCB95AA2): 0
LogDevObjectVersion:   Dev-Platform (6631380F-2D4D-43E0-8009-CF276956A95A): 0
LogDevObjectVersion:   Dev-Rendering (12F88B9F-8875-4AFC-A67C-D90C383ABD29): 20
LogDevObjectVersion:   Dev-Sequencer (7B5AE74C-D270-4C10-A958-57980B212A5A): 4
LogDevObjectVersion:   Dev-VR (D7296918-1DD6-4BDD-9DE2-64A83CC13884): 0
LogDevObjectVersion:   Dev-LoadTimes (C2A15278-BFE7-4AFE-6C17-90FF531DF755): 1
LogDevObjectVersion:   Private-Geometry (6EACA3D4-40EC-4CC1-B786-8BED09428FC5): 1
LogDevObjectVersion:   Dev-AnimPhys (29E575DD-E0A3-4627-9D10-D276232CDCEA): 12
LogInit: Compiled (64-bit): Nov 14 2017 02:05:55
LogInit: Compiled with Visual C++: 19.00.24215.01
LogInit: Build Configuration: Development
LogInit: Branch Name: ++UE4+Release-4.18
LogInit: Command line:  
LogInit: Base directory: D:/unreal engine/UE_4.18/Engine/Binaries/Win64/
LogInit: Installed Engine Build: 1
LogInit: Presizing for max 8388607 objects, including 0 objects not considered by GC, pre-allocating 0 bytes for permanent pool.
LogInit: Object subsystem initialized
[2017.11.16-22.06.47:841][  0]LogInit: Selected Device Profile: [Windows]
[2017.11.16-22.06.47:841][  0]LogInit: Applying CVar settings loaded from the selected device profile: [Windows]
[2017.11.16-22.06.48:003][  0]LogInit: Computer: DESKTOP-7Q3M7VT
[2017.11.16-22.06.48:003][  0]LogInit: User: akke
[2017.11.16-22.06.48:003][  0]LogInit: CPU Page size=4096, Cores=4
[2017.11.16-22.06.48:003][  0]LogInit: High frequency timer resolution =3.234372 MHz
[2017.11.16-22.06.48:012][  0]LogMemory: Memory total: Physical=8.0GB (8GB approx)
[2017.11.16-22.06.48:012][  0]LogMemory: Platform Memory Stats for Windows
[2017.11.16-22.06.48:012][  0]LogMemory: Process Physical Memory: 270.49 MB used, 270.49 MB peak
[2017.11.16-22.06.48:012][  0]LogMemory: Process Virtual Memory: 263.48 MB used, 263.48 MB peak
[2017.11.16-22.06.48:012][  0]LogMemory: Physical Memory: 4580.70 MB used,  3563.45 MB free, 8144.14 MB total
[2017.11.16-22.06.48:012][  0]LogMemory: Virtual Memory: 637.18 MB used,  3563.45 MB free, 134217728.00 MB total
[2017.11.16-22.06.48:851][  0]LogInit: Using OS detected language (en-US).
[2017.11.16-22.06.48:851][  0]LogInit: Using OS detected locale (en-SE).
[2017.11.16-22.06.49:084][  0]LogTextLocalizationManager: No specific localization for 'en-US' exists, so the 'en' localization will be used.
[2017.11.16-22.06.49:796][  0]LogInit: Setting process to per monitor DPI aware
[2017.11.16-22.06.54:793][  0]LogD3D11RHI: D3D11 adapters:
[2017.11.16-22.06.54:841][  0]LogD3D11RHI:    0. 'NVIDIA GeForce GTX 1060 3GB' (Feature Level 11_0)
[2017.11.16-22.06.54:841][  0]LogD3D11RHI:       2997/0/4072 MB DedicatedVideo/DedicatedSystem/SharedSystem, Outputs:2, VendorId:0x10de
[2017.11.16-22.06.54:842][  0]LogD3D11RHI:    1. 'Microsoft Basic Render Driver' (Feature Level 11_0)
[2017.11.16-22.06.54:842][  0]LogD3D11RHI:       0/0/4072 MB DedicatedVideo/DedicatedSystem/SharedSystem, Outputs:0, VendorId:0x1414
[2017.11.16-22.06.54:842][  0]LogD3D11RHI: Chosen D3D11 Adapter: 0
[2017.11.16-22.06.54:875][  0]LogD3D11RHI: Creating new Direct3DDevice
[2017.11.16-22.06.54:876][  0]LogD3D11RHI:     GPU DeviceId: 0x1c02 (for the marketing name, search the web for "GPU Device Id")
[2017.11.16-22.06.54:876][  0]LogWindows: EnumDisplayDevices:
[2017.11.16-22.06.54:876][  0]LogWindows:    0. 'NVIDIA GeForce GTX 1060 3GB' (P:1 D:1)
[2017.11.16-22.06.54:892][  0]LogWindows:    1. 'NVIDIA GeForce GTX 1060 3GB' (P:0 D:1)
[2017.11.16-22.06.54:892][  0]LogWindows:    2. 'NVIDIA GeForce GTX 1060 3GB' (P:0 D:0)
[2017.11.16-22.06.54:892][  0]LogWindows:    3. 'NVIDIA GeForce GTX 1060 3GB' (P:0 D:0)
[2017.11.16-22.06.54:893][  0]LogWindows: DebugString: FoundDriverCount:4 
[2017.11.16-22.06.54:893][  0]LogD3D11RHI:     Adapter Name: NVIDIA GeForce GTX 1060 3GB
[2017.11.16-22.06.54:893][  0]LogD3D11RHI:   Driver Version: 387.92 (internal:23.21.13.8792, unified:387.92)
[2017.11.16-22.06.54:893][  0]LogD3D11RHI:      Driver Date: 10-6-2017
[2017.11.16-22.06.54:893][  0]LogRHI: Texture pool is 2097 MB (70% of 2997 MB)
[2017.11.16-22.06.54:927][  0]LogD3D11RHI: Async texture creation enabled
[2017.11.16-22.06.55:408][  0]LogD3D11RHI: GPU Timing Frequency: 1000.000000 (Debug: 2 1)
[2017.11.16-22.06.55:578][  0]LogShaderCompilers: Guid format shader working directory is 0 characters bigger than the processId version (../../../../../UnrealProjects/SidescrollJump/Intermediate/Shaders/WorkingDirectory/17036/).
[2017.11.16-22.06.55:578][  0]LogShaderCompilers: Cleaned the shader compiler working directory 'C:/Users/akke/AppData/Local/Temp/UnrealShaderWorkingDir/4F003633476AD15C288AEF8813EF872C/'.
[2017.11.16-22.06.55:596][  0]LogShaderCompilers: Display: Using Local Shader Compiler.
[2017.11.16-22.07.00:284][  0]LogTemp: Display: Loaded TP AllDesktopTargetPlatform
[2017.11.16-22.07.00:330][  0]LogTemp: Display: Loaded TP MacClientTargetPlatform
[2017.11.16-22.07.00:375][  0]LogTemp: Display: Loaded TP MacNoEditorTargetPlatform
[2017.11.16-22.07.00:419][  0]LogTemp: Display: Loaded TP MacServerTargetPlatform
[2017.11.16-22.07.00:489][  0]LogTemp: Display: Loaded TP MacTargetPlatform
[2017.11.16-22.07.00:534][  0]LogTemp: Display: Loaded TP WindowsClientTargetPlatform
[2017.11.16-22.07.00:582][  0]LogTemp: Display: Loaded TP WindowsNoEditorTargetPlatform
[2017.11.16-22.07.00:640][  0]LogTemp: Display: Loaded TP WindowsServerTargetPlatform
[2017.11.16-22.07.00:691][  0]LogTemp: Display: Loaded TP WindowsTargetPlatform
[2017.11.16-22.07.00:734][  0]LogTemp: Display: Loaded TP Android_ASTCTargetPlatform
[2017.11.16-22.07.00:775][  0]LogTemp: Display: Loaded TP Android_ATCTargetPlatform
[2017.11.16-22.07.00:817][  0]LogTemp: Display: Loaded TP Android_DXTTargetPlatform
[2017.11.16-22.07.00:858][  0]LogTemp: Display: Loaded TP Android_ETC1TargetPlatform
[2017.11.16-22.07.00:900][  0]LogTemp: Display: Loaded TP Android_ETC2TargetPlatform
[2017.11.16-22.07.00:984][  0]LogTemp: Display: Loaded TP Android_MultiTargetPlatform
[2017.11.16-22.07.00:984][  0]LogTemp: Display: Loaded TP Android_PVRTCTargetPlatform
[2017.11.16-22.07.01:045][  0]LogTemp: Display: Loaded TP AndroidTargetPlatform
[2017.11.16-22.07.01:096][  0]LogTemp: Display: Loaded TP HTML5TargetPlatform
[2017.11.16-22.07.01:319][  0]LogTemp: Display: Loaded TP IOSTargetPlatform
[2017.11.16-22.07.01:341][  0]LogTemp: Display: Loaded TP TVOSTargetPlatform
[2017.11.16-22.07.01:385][  0]LogTemp: Display: Loaded TP LinuxClientTargetPlatform
[2017.11.16-22.07.01:428][  0]LogTemp: Display: Loaded TP LinuxNoEditorTargetPlatform
[2017.11.16-22.07.01:473][  0]LogTemp: Display: Loaded TP LinuxServerTargetPlatform
[2017.11.16-22.07.01:522][  0]LogTemp: Display: Loaded TP LinuxTargetPlatform
[2017.11.16-22.07.01:522][  0]LogTargetPlatformManager: Display: Building Assets For Windows
[2017.11.16-22.07.02:811][  0]LogDerivedDataCache: Display: Max Cache Size: 512 MB
[2017.11.16-22.07.03:330][  0]LogDerivedDataCache: Loaded boot cache 0.52s 100MB C:/Users/akke/AppData/Local/UnrealEngine/4.18/DerivedDataCache/Boot.ddc.
[2017.11.16-22.07.03:330][  0]LogDerivedDataCache: Display: Loaded Boot cache: C:/Users/akke/AppData/Local/UnrealEngine/4.18/DerivedDataCache/Boot.ddc
[2017.11.16-22.07.03:330][  0]LogDerivedDataCache: FDerivedDataBackendGraph:  Pak pak cache file ../../../../../UnrealProjects/SidescrollJump/DerivedDataCache/DDC.ddp not found, will not use a pak cache.
[2017.11.16-22.07.03:330][  0]LogDerivedDataCache: Unable to find inner node Pak for hierarchical cache Hierarchy.
[2017.11.16-22.07.03:330][  0]LogDerivedDataCache: FDerivedDataBackendGraph:  CompressedPak pak cache file ../../../../../UnrealProjects/SidescrollJump/DerivedDataCache/Compressed.ddp not found, will not use a pak cache.
[2017.11.16-22.07.03:330][  0]LogDerivedDataCache: Unable to find inner node CompressedPak for hierarchical cache Hierarchy.
[2017.11.16-22.07.03:358][  0]LogDerivedDataCache: Display: Pak cache opened for reading ../../../Engine/DerivedDataCache/Compressed.ddp.
[2017.11.16-22.07.03:371][  0]LogDerivedDataCache: Using Local data cache path C:/Users/akke/AppData/Local/UnrealEngine/Common/DerivedDataCache: Writable
[2017.11.16-22.07.03:526][  0]LogMaterial: Verifying Global Shaders for PCD3D_SM5
[2017.11.16-22.07.03:629][  0]LogSlate: Using Freetype 2.6.0
[2017.11.16-22.07.03:744][  0]LogSlate: SlateFontCache - WITH_FREETYPE: 1, WITH_HARFBUZZ: 1
[2017.11.16-22.07.03:757][  0]LogSlate: SlateFontCache - WITH_FREETYPE: 1, WITH_HARFBUZZ: 1
[2017.11.16-22.07.12:538][  0]LogInit: Selected Device Profile: [Windows]
[2017.11.16-22.07.14:123][  0]LogSimplygon: Simplygon DLL not present - disabling.
[2017.11.16-22.07.14:199][  0]LogMeshReduction: Using SimplygonSwarm for distributed automatic mesh merging
[2017.11.16-22.07.14:201][  0]LogMeshReduction: Using QuadricMeshReduction for automatic static mesh reduction
[2017.11.16-22.07.14:201][  0]LogMeshReduction: No automatic skeletal mesh reduction module available
[2017.11.16-22.07.14:201][  0]LogMeshReduction: No automatic mesh merging module available
[2017.11.16-22.07.14:201][  0]LogMeshMerging: No automatic mesh merging module available
[2017.11.16-22.07.15:122][  0]LogNetVersion: SidescrollJump , NetCL: 3709383, EngineNetVer: 2, GameNetVer: 0 (Checksum: 4030525423)
[2017.11.16-22.07.16:898][  0]LogAssetRegistry: FAssetRegistry took 0.0300 seconds to start up
[2017.11.16-22.07.24:016][  0]LogPackageLocalizationCache: Processed 7 localized package path(s) for 2 prioritized culture(s) in 0.213865 seconds
[2017.11.16-22.07.24:059][  0]LogUObjectArray: 35900 objects as part of root set at end of initial load.
[2017.11.16-22.07.24:060][  0]LogUObjectAllocator: 7372016 out of 0 bytes used by permanent object pool.
[2017.11.16-22.07.24:060][  0]LogUObjectArray: CloseDisregardForGC: 0/0 objects in disregard for GC pool
[2017.11.16-22.07.24:134][  0]LogInit: WinSock: version 1.1 (2.2), MaxSocks=32767, MaxUdp=65467
[2017.11.16-22.07.33:888][  0]LogTcpMessaging: Initializing TcpMessaging bridge
[2017.11.16-22.07.33:958][  0]LogUdpMessaging: Initializing bridge on interface 0.0.0.0:0 to multicast group 230.0.0.1:6666.
[2017.11.16-22.07.35:920][  0]LogMaterial: Uniform references updated for custom material expression Custom.
[2017.11.16-22.07.37:055][  0]SourceControl: Source control is disabled
[2017.11.16-22.07.37:067][  0]SourceControl: Source control is disabled
[2017.11.16-22.07.37:176][  0]SourceControl: Source control is disabled
[2017.11.16-22.07.37:291][  0]SourceControl: Source control is disabled
[2017.11.16-22.07.38:668][  0]LogAndroidPermission: UAndroidPermissionCallbackProxy::GetInstance
[2017.11.16-22.07.38:905][  0]LogOcInput: OculusInput pre-init called
[2017.11.16-22.07.39:870][  0]LogEngine: Initializing Engine...
[2017.11.16-22.07.39:988][  0]LogHMD: Failed to initialize OpenVR with code 110
[2017.11.16-22.07.40:961][  0]LogStats: UGameplayTagsManager::ConstructGameplayTagTree: Construct from data asset -  0.000 s
[2017.11.16-22.07.40:962][  0]LogStats: UGameplayTagsManager::ConstructGameplayTagTree: GameplayTagTreeChangedEvent.Broadcast -  0.000 s
[2017.11.16-22.07.42:452][  0]LogAIModule: Creating AISystem for world Untitled
[2017.11.16-22.07.42:923][  0]LogInit: XAudio2 using 'Speakers (Vengeance 2100)' : 2 channels at 48 kHz using 16 bits per sample (channel mask 0x3)
[2017.11.16-22.07.42:935][  0]LogInit: FAudioDevice initialized.
[2017.11.16-22.07.43:042][  0]LogDerivedDataCache: Saved boot cache 0.08s 80MB C:/Users/akke/AppData/Local/UnrealEngine/4.18/DerivedDataCache/Boot.ddc.
[2017.11.16-22.07.43:055][  0]LogInit: Texture streaming: Enabled
[2017.11.16-22.07.43:238][  0]LogEngineSessionManager: EngineSessionManager initialized
[2017.11.16-22.07.43:720][  0]LogInit: Transaction tracking system initialized
[2017.11.16-22.07.44:546][  0]BlueprintLog: New page: Editor Load
[2017.11.16-22.07.46:875][  0]LocalizationService: Localization service is disabled
[2017.11.16-22.07.48:415][  0]LogConsoleResponse: Display: 
[2017.11.16-22.07.50:629][  0]LogFileCache: Scanning file cache for directory 'D:/UnrealProjects/SidescrollJump/Content/' took 0.07s
[2017.11.16-22.07.50:629][  0]LogCook: Display: Max memory allowance for cook 16384mb min free memory 0mb
[2017.11.16-22.07.50:630][  0]LogCook: Display: Mobile HDR setting 1
[2017.11.16-22.07.50:641][  0]LogGameplayTags: Display: UGameplayTagsManager::DoneAddingNativeTags. DelegateIsBound: 0
[2017.11.16-22.07.53:244][  0]SourceControl: Source control is disabled
[2017.11.16-22.07.53:286][  0]Cmd: MAP LOAD FILE="../../../../../UnrealProjects/SidescrollJump/Content/Map/2DMap.umap" TEMPLATE=0 SHOWPROGRESS=1 FEATURELEVEL=3
[2017.11.16-22.07.53:373][  0]LightingResults: New page: Lighting Build
[2017.11.16-22.07.53:673][  0]MapCheck: New page: Map Check
[2017.11.16-22.07.53:673][  0]LightingResults: New page: Lighting Build
[2017.11.16-22.07.56:624][  0]LogAIModule: Creating AISystem for world 2DMap
[2017.11.16-22.07.57:076][  0]LogEditorServer: Finished looking for orphan Actors (0.000 secs)
[2017.11.16-22.07.57:190][  0]Cmd: MAP CHECKDEP NOCLEARLOG
[2017.11.16-22.07.57:272][  0]MapCheck: Map check complete: 0 Error(s), 0 Warning(s), took 82.548ms to complete.
[2017.11.16-22.07.57:284][  0]LogFileHelpers: Loading map '2DMap' took 4.011
[2017.11.16-22.07.59:390][  0]LogCollectionManager: Loaded 0 collections in 0.001952 seconds
[2017.11.16-22.07.59:606][  0]LogFileCache: Scanning file cache for directory 'D:/UnrealProjects/SidescrollJump/Saved/Collections/' took 0.01s
[2017.11.16-22.07.59:606][  0]LogFileCache: Scanning file cache for directory 'D:/UnrealProjects/SidescrollJump/Content/Developers/akke/Collections/' took 0.01s
[2017.11.16-22.07.59:606][  0]LogFileCache: Scanning file cache for directory 'D:/UnrealProjects/SidescrollJump/Content/Collections/' took 0.01s
[2017.11.16-22.07.59:606][  0]LogCollectionManager: Rebuilt the GUID cache for 0 collections in 0.000000 seconds
[2017.11.16-22.07.59:628][  0]LogContentBrowser: Native class hierarchy populated in 0.0084 seconds. Added 2363 classes and 519 folders.
[2017.11.16-22.07.59:797][  0]LogContentBrowser: Native class hierarchy updated for 'WidgetCarousel' in 0.0003 seconds. Added 0 classes and 0 folders.
[2017.11.16-22.08.00:787][  0]LogContentBrowser: Native class hierarchy updated for 'AddContentDialog' in 0.0004 seconds. Added 0 classes and 0 folders.
[2017.11.16-22.08.00:903][  0]LogContentBrowser: Native class hierarchy updated for 'SceneOutliner' in 0.0004 seconds. Added 1 classes and 2 folders.
[2017.11.16-22.08.04:641][  0]LogTemp: Executing iPhonePackager certificates Engine -bundlename com.YourCompany.SidescrollJump
[2017.11.16-22.08.04:641][  0]LogTemp: CWD: D:\unreal engine\UE_4.18\Engine\Binaries\DotNET\IOS
[2017.11.16-22.08.04:641][  0]LogTemp: Initial Dir: D:\unreal engine\UE_4.18
[2017.11.16-22.08.04:641][  0]LogTemp: Env CWD: D:\unreal engine\UE_4.18\Engine\Binaries\DotNET\IOS
[2017.11.16-22.08.04:641][  0]LogTemp: BranchPath = DESKTOP-7Q3M7VT/D/unreal engine/UE_4.18/Engine/Binaries --- GameBranchPath = DESKTOP-7Q3M7VT/D/unreal engine/UE_4.18/Engine/Binaries
[2017.11.16-22.08.04:641][  0]LogSlate: Only BGRA pngs, bmps or icos are supported in by External Image Picker
[2017.11.16-22.08.04:969][  0]LogTemp: IPP ERROR: Could not find provision directory 'C:\Users\akke\AppData\Local/Apple Computer/MobileDevice/Provisioning Profiles/'.
[2017.11.16-22.08.04:969][  0]LogSlate: Took 0.015863 seconds to synchronously load lazily loaded font '../../../Engine/Content/Slate/Fonts/Roboto-Regular.ttf' (155K)
[2017.11.16-22.08.05:037][  0]LogSlate: Took 0.019749 seconds to synchronously load lazily loaded font '../../../Engine/Content/Slate/Fonts/Roboto-Bold.ttf' (160K)
[2017.11.16-22.08.05:193][  0]LogSlate: Took 0.012499 seconds to synchronously load lazily loaded font '../../../Engine/Content/Editor/Slate/Fonts/FontAwesome.ttf' (139K)
[2017.11.16-22.08.06:167][  0]LogRenderer: Reallocating scene render targets to support 1208x648 Format 10 NumSamples 1 (Frame:1).
[2017.11.16-22.08.07:525][  0]LogContentBrowser: Native class hierarchy updated for 'HierarchicalLODOutliner' in 0.0003 seconds. Added 1 classes and 2 folders.
[2017.11.16-22.08.07:526][  0]LogLoad: (Engine Initialization) Total time: 98.18 seconds
[2017.11.16-22.08.07:526][  0]LogLoad: (Engine Initialization) Total Blueprint compile time: 0.00 seconds
[2017.11.16-22.08.07:547][  0]LogExternalProfiler: No external profilers were discovered.  External profiling features will not be available.
[2017.11.16-22.08.08:686][  0]LogContentStreaming: Texture pool size now 1000 MB
[2017.11.16-22.08.09:231][  1]LogSlate: Took 0.019005 seconds to synchronously load lazily loaded font '../../../Engine/Content/Slate/Fonts/Roboto-Light.ttf' (159K)
[2017.11.16-22.08.10:108][  4]LogAssetRegistry: Asset discovery search completed in 53.2326 seconds
[2017.11.16-22.08.10:128][  4]LogCollectionManager: Rebuilt the object cache for 0 collections in 0.000000 seconds (found 0 objects)
[2017.11.16-22.08.10:137][  4]LogCollectionManager: Fixed up redirectors for 0 collections in 0.005951 seconds (updated 0 objects)
[2017.11.16-22.09.14:154][196]LogTemp: Repeating last play command: Selected Viewport
[2017.11.16-22.09.14:306][196]LogPlayLevel: PlayLevel: No blueprints needed recompiling
[2017.11.16-22.09.14:453][196]PIE: New page: PIE session: 2DMap (Nov 17, 2017, 12:09:14 AM)
[2017.11.16-22.09.14:474][196]LogPlayLevel: Creating play world package: /Game/Map/UEDPIE_0_2DMap
[2017.11.16-22.09.14:495][196]LogPlayLevel: PIE: StaticDuplicateObject took: (0.020770s)
[2017.11.16-22.09.14:496][196]LogAIModule: Creating AISystem for world 2DMap
[2017.11.16-22.09.14:507][196]LogPlayLevel: PIE: World Init took: (0.011654s)
[2017.11.16-22.09.14:516][196]LogPlayLevel: PIE: Created PIE world by copying editor world from /Game/Map/2DMap.2DMap to /Game/Map/UEDPIE_0_2DMap.2DMap (0.042124s)
[2017.11.16-22.09.14:581][196]LogInit: XAudio2 using 'Speakers (Vengeance 2100)' : 2 channels at 48 kHz using 16 bits per sample (channel mask 0x3)
[2017.11.16-22.09.14:592][196]LogInit: FAudioDevice initialized.
[2017.11.16-22.09.14:748][196]LogLoad: Game class is '2DGameMode_BP_C'
[2017.11.16-22.09.14:932][196]LogWorld: Bringing World /Game/Map/UEDPIE_0_2DMap.2DMap up for play (max tick rate 0) at 2017.11.16-23.09.14
[2017.11.16-22.09.15:003][196]LogWorld: Bringing up level for play took: 0.076625
[2017.11.16-22.09.15:245][196]LogContentBrowser: Native class hierarchy updated for 'MovieSceneCapture' in 0.0112 seconds. Added 11 classes and 0 folders.
[2017.11.16-22.09.15:331][196]PIE: Play in editor start time for /Game/Map/UEDPIE_0_2DMap 1.147
[2017.11.16-22.09.53:294][532]LogSlate: Took 0.000205 seconds to synchronously load lazily loaded font '../../../Engine/Content/Slate/Fonts/Roboto-Light.ttf' (159K)
[2017.11.16-22.10.00:954][952]Cmd: OBJ SAVEPACKAGE PACKAGE="/Game/Blueprints/NewBlueprint" FILE="../../../../../UnrealProjects/SidescrollJump/Content/Blueprints/NewBlueprint.uasset" SILENT=true
[2017.11.16-22.10.01:024][952]LogSavePackage: Save=45.33ms
[2017.11.16-22.10.01:024][952]LogSavePackage: Moving '../../../../../UnrealProjects/SidescrollJump/Saved/NewBlueprint46E45751442C62A29B080891E28B4DFA.tmp' to '../../../../../UnrealProjects/SidescrollJump/Content/Blueprints/NewBlueprint.uasset'
[2017.11.16-22.10.01:039][952]LogSavePackage: Display: Finished SavePackage ../../../../../UnrealProjects/SidescrollJump/Content/Blueprints/NewBlueprint.uasset
